Using pre-set license
Built from '2020.3/staging' branch; Version is '2020.3.8f1 (507919d4fff5) revision 5273881'; Using compiler version '192528614'; Build Type 'Release'
OS: 'Windows 10 Home; OS build 19043.1165; Version 2009; 64bit' Language: 'fr' Physical Memory: 8151 MB
BatchMode: 1, IsHumanControllingUs: 0, StartBugReporterOnCrash: 0, Is64bit: 1, IsPro: 0

 COMMAND LINE ARGUMENTS:
D:\Unity Hub\Project\2020.3.8f1\Editor\Unity.exe
-adb2
-batchMode
-noUpm
-name
AssetImportWorker0
-projectPath
D:/Unity_Project/Playground
-logFile
Logs/AssetImportWorker0.log
-srvPort
58607
Successfully changed project path to: D:/Unity_Project/Playground
D:/Unity_Project/Playground
Using Asset Import Pipeline V2.
Refreshing native plugins compatible for Editor in 46.24 ms, found 0 plugins.
Preloading 0 native plugins for Editor in 0.00 ms.
Initialize engine version: 2020.3.8f1 (507919d4fff5)
[Subsystems] Discovering subsystems at path D:/Unity Hub/Project/2020.3.8f1/Editor/Data/Resources/UnitySubsystems
[Subsystems] Discovering subsystems at path D:/Unity_Project/Playground/Assets
GfxDevice: creating device client; threaded=0
Direct3D:
    Version:  Direct3D 11.0 [level 11.1]
    Renderer: NVIDIA GeForce GTX 1050 Ti (ID=0x1c82)
    Vendor:   
    VRAM:     4018 MB
    Driver:   30.0.14.7168
Initialize mono
Mono path[0] = 'D:/Unity Hub/Project/2020.3.8f1/Editor/Data/Managed'
Mono path[1] = 'D:/Unity Hub/Project/2020.3.8f1/Editor/Data/MonoBleedingEdge/lib/mono/unityjit'
Mono config path = 'D:/Unity Hub/Project/2020.3.8f1/Editor/Data/MonoBleedingEdge/etc'
Using monoOptions --debugger-agent=transport=dt_socket,embedding=1,server=y,suspend=n,address=127.0.0.1:56588
Begin MonoManager ReloadAssembly
Registering precompiled unity dll's ...
Register platform support module: D:/Unity Hub/Project/2020.3.8f1/Editor/Data/PlaybackEngines/WebGLSupport/UnityEditor.WebGL.Extensions.dll
Register platform support module: D:/Unity Hub/Project/2020.3.8f1/Editor/Data/PlaybackEngines/MacStandaloneSupport/UnityEditor.OSXStandalone.Extensions.dll
Register platform support module: D:/Unity Hub/Project/2020.3.8f1/Editor/Data/PlaybackEngines/WindowsStandaloneSupport/UnityEditor.WindowsStandalone.Extensions.dll
Register platform support module: D:/Unity Hub/Project/2020.3.8f1/Editor/Data/PlaybackEngines/LuminSupport/UnityEditor.Lumin.Extensions.dll
Registered in 0.002929 seconds.
Native extension for Lumin target not found
Native extension for WindowsStandalone target not found
Native extension for OSXStandalone target not found
Native extension for WebGL target not found
Refreshing native plugins compatible for Editor in 26.05 ms, found 0 plugins.
Preloading 0 native plugins for Editor in 0.00 ms.
Mono: successfully reloaded assembly
- Completed reload, in  2.246 seconds
Platform modules already initialized, skipping
Registering precompiled user dll's ...
Registered in 0.000741 seconds.
Begin MonoManager ReloadAssembly
Native extension for Lumin target not found
Native extension for WindowsStandalone target not found
Native extension for OSXStandalone target not found
Native extension for WebGL target not found
Refreshing native plugins compatible for Editor in 0.22 ms, found 0 plugins.
Preloading 0 native plugins for Editor in 0.00 ms.
Mono: successfully reloaded assembly
- Completed reload, in  1.644 seconds
Platform modules already initialized, skipping
========================================================================
Worker process is ready to serve import requests
Launched and connected shader compiler UnityShaderCompiler.exe after 0.08 seconds
Refreshing native plugins compatible for Editor in 0.37 ms, found 0 plugins.
Preloading 0 native plugins for Editor in 0.00 ms.
Unloading 1118 Unused Serialized files (Serialized files now loaded: 0)
System memory in use before: 57.2 MB.
System memory in use after: 57.3 MB.

Unloading 10 unused Assets to reduce memory usage. Loaded Objects now: 1560.
Total: 1.781500 ms (FindLiveObjects: 0.175200 ms CreateObjectMapping: 0.039600 ms MarkObjects: 1.454300 ms  DeleteObjects: 0.110600 ms)

========================================================================
Received Import Request.
  path: Assets/BlendersAsset
  artifactKey: Guid(c5986eb7b861ab0439359ead3fb12891) Importer(815301076,1909f56bfc062723c751e8b465ee728b)
Start importing Assets/BlendersAsset using Guid(c5986eb7b861ab0439359ead3fb12891) Importer(815301076,1909f56bfc062723c751e8b465ee728b)  -> (artifact id: '3e5f8c71d153f11ceaa60856dceae786') in 0.122908 seconds
  Import took 0.128424 seconds .

========================================================================
Received Import Request.
  Time since last request: 161.173346 seconds.
  path: Assets/BlendersAsset/Character.fbx
  artifactKey: Guid(bd05f0829e14fd0409509fdc43f09ebf) Importer(815301076,1909f56bfc062723c751e8b465ee728b)
Start importing Assets/BlendersAsset/Character.fbx using Guid(bd05f0829e14fd0409509fdc43f09ebf) Importer(815301076,1909f56bfc062723c751e8b465ee728b)  -> (artifact id: 'd36b57b5b163d36db2fd2161cbbf2a77') in 0.480218 seconds
  Import took 0.488364 seconds .

========================================================================
Received Import Request.
  Time since last request: 63.808843 seconds.
  path: Assets/BlendersAsset/Character.fbx
  artifactKey: Guid(bd05f0829e14fd0409509fdc43f09ebf) Importer(815301076,1909f56bfc062723c751e8b465ee728b)
Start importing Assets/BlendersAsset/Character.fbx using Guid(bd05f0829e14fd0409509fdc43f09ebf) Importer(815301076,1909f56bfc062723c751e8b465ee728b)  -> (artifact id: '674f3ef27cb80d856bb4cec1ce27fd7f') in 0.081298 seconds
  Import took 0.087387 seconds .

========================================================================
Received Import Request.
  Time since last request: 218.301590 seconds.
  path: Assets/BlendersAsset/Character.fbx
  artifactKey: Guid(bd05f0829e14fd0409509fdc43f09ebf) Importer(815301076,1909f56bfc062723c751e8b465ee728b)
Start importing Assets/BlendersAsset/Character.fbx using Guid(bd05f0829e14fd0409509fdc43f09ebf) Importer(815301076,1909f56bfc062723c751e8b465ee728b)  -> (artifact id: '8fa3b9e4d94dd204a6807bfaf25a5c50') in 0.087789 seconds
  Import took 0.094316 seconds .

========================================================================
Received Import Request.
  Time since last request: 0.078202 seconds.
  path: Assets/BlendersAsset/Character.fbx
  artifactKey: Guid(bd05f0829e14fd0409509fdc43f09ebf) Importer(815301076,1909f56bfc062723c751e8b465ee728b)
Start importing Assets/BlendersAsset/Character.fbx using Guid(bd05f0829e14fd0409509fdc43f09ebf) Importer(815301076,1909f56bfc062723c751e8b465ee728b)  -> (artifact id: '8fa3b9e4d94dd204a6807bfaf25a5c50') in 0.156411 seconds
  Import took 0.161295 seconds .

========================================================================
Received Import Request.
  Time since last request: 279.925750 seconds.
  path: Assets/BlendersAsset/Character.fbx
  artifactKey: Guid(bd05f0829e14fd0409509fdc43f09ebf) Importer(815301076,1909f56bfc062723c751e8b465ee728b)
Start importing Assets/BlendersAsset/Character.fbx using Guid(bd05f0829e14fd0409509fdc43f09ebf) Importer(815301076,1909f56bfc062723c751e8b465ee728b)  -> (artifact id: '153d7f4d5d2d80af35d6fbfc937709d5') in 0.093105 seconds
  Import took 0.101028 seconds .

========================================================================
Received Import Request.
  Time since last request: 44.179518 seconds.
  path: Assets/BlendersAsset/Character.fbx
  artifactKey: Guid(bd05f0829e14fd0409509fdc43f09ebf) Importer(815301076,1909f56bfc062723c751e8b465ee728b)
Start importing Assets/BlendersAsset/Character.fbx using Guid(bd05f0829e14fd0409509fdc43f09ebf) Importer(815301076,1909f56bfc062723c751e8b465ee728b)  -> (artifact id: '45b248bbcd3a126ec383d5d98c06e257') in 0.067126 seconds
  Import took 0.073725 seconds .

========================================================================
Received Import Request.
  Time since last request: 22.596635 seconds.
  path: Assets/BlendersAsset/Character.fbx
  artifactKey: Guid(bd05f0829e14fd0409509fdc43f09ebf) Importer(815301076,1909f56bfc062723c751e8b465ee728b)
Start importing Assets/BlendersAsset/Character.fbx using Guid(bd05f0829e14fd0409509fdc43f09ebf) Importer(815301076,1909f56bfc062723c751e8b465ee728b)  -> (artifact id: '7eed23ca8880e6107982f711fb2cb557') in 0.060904 seconds
  Import took 0.065893 seconds .

========================================================================
Received Import Request.
  Time since last request: 507.948696 seconds.
  path: Assets/BlendersAsset/Character.fbx
  artifactKey: Guid(bd05f0829e14fd0409509fdc43f09ebf) Importer(815301076,1909f56bfc062723c751e8b465ee728b)
Start importing Assets/BlendersAsset/Character.fbx using Guid(bd05f0829e14fd0409509fdc43f09ebf) Importer(815301076,1909f56bfc062723c751e8b465ee728b)  -> (artifact id: 'd8afa200f75121c4e3ba2cb6f998812f') in 0.127103 seconds
  Import took 0.138985 seconds .

========================================================================
Received Import Request.
  Time since last request: 311.260727 seconds.
  path: Assets/BlendersAsset/Character.fbx
  artifactKey: Guid(bd05f0829e14fd0409509fdc43f09ebf) Importer(815301076,1909f56bfc062723c751e8b465ee728b)
Start importing Assets/BlendersAsset/Character.fbx using Guid(bd05f0829e14fd0409509fdc43f09ebf) Importer(815301076,1909f56bfc062723c751e8b465ee728b)  -> (artifact id: '170ce084a4f047226501e443d1a3ad82') in 0.160840 seconds
  Import took 0.167302 seconds .

========================================================================
Received Import Request.
  Time since last request: 746.841862 seconds.
  path: Assets/BlendersAsset/Character.fbx
  artifactKey: Guid(bd05f0829e14fd0409509fdc43f09ebf) Importer(815301076,1909f56bfc062723c751e8b465ee728b)
Start importing Assets/BlendersAsset/Character.fbx using Guid(bd05f0829e14fd0409509fdc43f09ebf) Importer(815301076,1909f56bfc062723c751e8b465ee728b)  -> (artifact id: '28cc6f223d60f9fc98faf7451ef2b19d') in 0.357829 seconds
  Import took 0.382743 seconds .

========================================================================
Received Import Request.
  Time since last request: 477.638538 seconds.
  path: Assets/BlendersAsset/Character.fbx
  artifactKey: Guid(bd05f0829e14fd0409509fdc43f09ebf) Importer(815301076,1909f56bfc062723c751e8b465ee728b)
Start importing Assets/BlendersAsset/Character.fbx using Guid(bd05f0829e14fd0409509fdc43f09ebf) Importer(815301076,1909f56bfc062723c751e8b465ee728b)  -> (artifact id: '365d387e912e39b8658d08fb6a49c080') in 0.131588 seconds
  Import took 0.137444 seconds .

========================================================================
Received Import Request.
  Time since last request: 33.495284 seconds.
  path: Assets/BlendersAsset/Character.blend
  artifactKey: Guid(a3768a8a1fbe04640891d5dc96d4f228) Importer(815301076,1909f56bfc062723c751e8b465ee728b)
Start importing Assets/BlendersAsset/Character.blend using Guid(a3768a8a1fbe04640891d5dc96d4f228) Importer(815301076,1909f56bfc062723c751e8b465ee728b)  -> (artifact id: '1c528e541cda7659cbd2b6d6d226a423') in 0.011398 seconds
  Import took 0.015661 seconds .

========================================================================
Received Import Request.
  Time since last request: 271.406295 seconds.
  path: Assets/BlendersAsset/Character.fbx
  artifactKey: Guid(bd05f0829e14fd0409509fdc43f09ebf) Importer(815301076,1909f56bfc062723c751e8b465ee728b)
Start importing Assets/BlendersAsset/Character.fbx using Guid(bd05f0829e14fd0409509fdc43f09ebf) Importer(815301076,1909f56bfc062723c751e8b465ee728b)  -> (artifact id: '450d9c63cd64ecebe9d4e17aec057119') in 0.074647 seconds
  Import took 0.079670 seconds .

========================================================================
Received Import Request.
  Time since last request: 292.232900 seconds.
  path: Assets/BlendersAsset/Character.fbx
  artifactKey: Guid(bd05f0829e14fd0409509fdc43f09ebf) Importer(815301076,1909f56bfc062723c751e8b465ee728b)
Start importing Assets/BlendersAsset/Character.fbx using Guid(bd05f0829e14fd0409509fdc43f09ebf) Importer(815301076,1909f56bfc062723c751e8b465ee728b)  -> (artifact id: '97d68e914600cccedf62cb4ae7d2adfc') in 0.099667 seconds
  Import took 0.114739 seconds .

========================================================================
Received Import Request.
  Time since last request: 189.099916 seconds.
  path: Assets/BlendersAsset/Character.fbx
  artifactKey: Guid(bd05f0829e14fd0409509fdc43f09ebf) Importer(815301076,1909f56bfc062723c751e8b465ee728b)
Start importing Assets/BlendersAsset/Character.fbx using Guid(bd05f0829e14fd0409509fdc43f09ebf) Importer(815301076,1909f56bfc062723c751e8b465ee728b)  -> (artifact id: '19250a747370d10a3f8c1e3ba1d2d1e2') in 0.083674 seconds
  Import took 0.090649 seconds .

========================================================================
Received Import Request.
  Time since last request: 40.285822 seconds.
  path: Assets/BlendersAsset/Character.fbx
  artifactKey: Guid(bd05f0829e14fd0409509fdc43f09ebf) Importer(815301076,1909f56bfc062723c751e8b465ee728b)
Start importing Assets/BlendersAsset/Character.fbx using Guid(bd05f0829e14fd0409509fdc43f09ebf) Importer(815301076,1909f56bfc062723c751e8b465ee728b)  -> (artifact id: '3f20ecd402c2965efe465c09a556d308') in 0.080379 seconds
  Import took 0.090035 seconds .

========================================================================
Received Import Request.
  Time since last request: 1142.425475 seconds.
  path: Assets/BlendersAsset/Character.fbx
  artifactKey: Guid(bd05f0829e14fd0409509fdc43f09ebf) Importer(815301076,1909f56bfc062723c751e8b465ee728b)
Start importing Assets/BlendersAsset/Character.fbx using Guid(bd05f0829e14fd0409509fdc43f09ebf) Importer(815301076,1909f56bfc062723c751e8b465ee728b)  -> (artifact id: '3d166332177a07383378d70ad7d3cf75') in 0.117943 seconds
  Import took 0.123641 seconds .

========================================================================
Received Import Request.
  Time since last request: 443.489854 seconds.
  path: Assets/BlendersAsset/Character.fbx
  artifactKey: Guid(bd05f0829e14fd0409509fdc43f09ebf) Importer(815301076,1909f56bfc062723c751e8b465ee728b)
Start importing Assets/BlendersAsset/Character.fbx using Guid(bd05f0829e14fd0409509fdc43f09ebf) Importer(815301076,1909f56bfc062723c751e8b465ee728b)  -> (artifact id: '5bfee587dabb47f96bc6122a4726f7b4') in 0.084573 seconds
  Import took 0.095045 seconds .

========================================================================
Received Import Request.
  Time since last request: 38.093831 seconds.
  path: Assets/BlendersAsset/Character.fbx
  artifactKey: Guid(bd05f0829e14fd0409509fdc43f09ebf) Importer(815301076,1909f56bfc062723c751e8b465ee728b)
Start importing Assets/BlendersAsset/Character.fbx using Guid(bd05f0829e14fd0409509fdc43f09ebf) Importer(815301076,1909f56bfc062723c751e8b465ee728b)  -> (artifact id: '79d1b66920da4e233a5f9b0245834608') in 0.075121 seconds
  Import took 0.083090 seconds .

========================================================================
Received Import Request.
  Time since last request: 22.751361 seconds.
  path: Assets/BlendersAsset/Character.fbx
  artifactKey: Guid(bd05f0829e14fd0409509fdc43f09ebf) Importer(815301076,1909f56bfc062723c751e8b465ee728b)
Start importing Assets/BlendersAsset/Character.fbx using Guid(bd05f0829e14fd0409509fdc43f09ebf) Importer(815301076,1909f56bfc062723c751e8b465ee728b)  -> (artifact id: '57fbc2949f47b34ef533c075551ef221') in 0.066697 seconds
  Import took 0.072229 seconds .

========================================================================
Received Import Request.
  Time since last request: 401.708977 seconds.
  path: Assets/BlendersAsset/Character.fbx
  artifactKey: Guid(bd05f0829e14fd0409509fdc43f09ebf) Importer(815301076,1909f56bfc062723c751e8b465ee728b)
Start importing Assets/BlendersAsset/Character.fbx using Guid(bd05f0829e14fd0409509fdc43f09ebf) Importer(815301076,1909f56bfc062723c751e8b465ee728b)  -> (artifact id: 'cafec97703c125102a6696a18317f609') in 0.113910 seconds
  Import took 0.118818 seconds .

========================================================================
Received Import Request.
  Time since last request: 246.820010 seconds.
  path: Assets/BlendersAsset/Character.fbx
  artifactKey: Guid(bd05f0829e14fd0409509fdc43f09ebf) Importer(815301076,1909f56bfc062723c751e8b465ee728b)
Start importing Assets/BlendersAsset/Character.fbx using Guid(bd05f0829e14fd0409509fdc43f09ebf) Importer(815301076,1909f56bfc062723c751e8b465ee728b)  -> (artifact id: '437afd88bae8d52f602e7422b0a656bc') in 0.100968 seconds
  Import took 0.104971 seconds .

========================================================================
Received Import Request.
  Time since last request: 673.937367 seconds.
  path: Assets/BlendersAsset/Character.fbx
  artifactKey: Guid(bd05f0829e14fd0409509fdc43f09ebf) Importer(815301076,1909f56bfc062723c751e8b465ee728b)
Start importing Assets/BlendersAsset/Character.fbx using Guid(bd05f0829e14fd0409509fdc43f09ebf) Importer(815301076,1909f56bfc062723c751e8b465ee728b)  -> (artifact id: '49ebe3f3fd22ced314cf09999d093615') in 0.163532 seconds
  Import took 0.169131 seconds .

========================================================================
Received Import Request.
  Time since last request: 789.049759 seconds.
  path: Assets/BlendersAsset/Character.fbx
  artifactKey: Guid(bd05f0829e14fd0409509fdc43f09ebf) Importer(815301076,1909f56bfc062723c751e8b465ee728b)
Start importing Assets/BlendersAsset/Character.fbx using Guid(bd05f0829e14fd0409509fdc43f09ebf) Importer(815301076,1909f56bfc062723c751e8b465ee728b)  -> (artifact id: 'c45baaa382f9019c2d09cb1afa4accff') in 0.093655 seconds
  Import took 0.103215 seconds .

========================================================================
Received Import Request.
  Time since last request: 126.046555 seconds.
  path: Assets/BlendersAsset/Character.fbx
  artifactKey: Guid(bd05f0829e14fd0409509fdc43f09ebf) Importer(815301076,1909f56bfc062723c751e8b465ee728b)
Start importing Assets/BlendersAsset/Character.fbx using Guid(bd05f0829e14fd0409509fdc43f09ebf) Importer(815301076,1909f56bfc062723c751e8b465ee728b)  -> (artifact id: 'de8f1bfdd4547c9f9690d57db5b3a0cc') in 0.015545 seconds
  Import took 0.020126 seconds .

========================================================================
Received Import Request.
  Time since last request: 102.905316 seconds.
  path: Assets/BlendersAsset/Character.fbx
  artifactKey: Guid(bd05f0829e14fd0409509fdc43f09ebf) Importer(815301076,1909f56bfc062723c751e8b465ee728b)
Start importing Assets/BlendersAsset/Character.fbx using Guid(bd05f0829e14fd0409509fdc43f09ebf) Importer(815301076,1909f56bfc062723c751e8b465ee728b)  -> (artifact id: 'd3bdac25cd5fe349f5674e62ac77c28e') in 0.122203 seconds
  Import took 0.131256 seconds .

========================================================================
Received Import Request.
  Time since last request: 137.164154 seconds.
  path: Assets/BlendersAsset/Character.fbx
  artifactKey: Guid(bd05f0829e14fd0409509fdc43f09ebf) Importer(815301076,1909f56bfc062723c751e8b465ee728b)
Start importing Assets/BlendersAsset/Character.fbx using Guid(bd05f0829e14fd0409509fdc43f09ebf) Importer(815301076,1909f56bfc062723c751e8b465ee728b)  -> (artifact id: '6e8c5f13ebebf3a046e5ff72e661ca5c') in 0.128882 seconds
  Import took 0.144713 seconds .

========================================================================
Received Import Request.
  Time since last request: 897.433950 seconds.
  path: Assets/BlendersAsset/Character.fbx
  artifactKey: Guid(bd05f0829e14fd0409509fdc43f09ebf) Importer(815301076,1909f56bfc062723c751e8b465ee728b)
Start importing Assets/BlendersAsset/Character.fbx using Guid(bd05f0829e14fd0409509fdc43f09ebf) Importer(815301076,1909f56bfc062723c751e8b465ee728b)  -> (artifact id: '59eb5153faef977b8e963368f23ff75d') in 0.099689 seconds
  Import took 0.105778 seconds .

========================================================================
Received Import Request.
  Time since last request: 0.019945 seconds.
  path: Assets/BlendersAsset/Character.fbx
  artifactKey: Guid(bd05f0829e14fd0409509fdc43f09ebf) Importer(815301076,1909f56bfc062723c751e8b465ee728b)
Start importing Assets/BlendersAsset/Character.fbx using Guid(bd05f0829e14fd0409509fdc43f09ebf) Importer(815301076,1909f56bfc062723c751e8b465ee728b)  -> (artifact id: '59eb5153faef977b8e963368f23ff75d') in 0.072803 seconds
  Import took 0.077499 seconds .

AssetImportWorkerClient::OnTransportError - code=2 error=End of file
